{"D:\\gauntlet-ai\\ai-code-reviewer\\src\\App.tsx": {"path":"D:\\gauntlet-ai\\ai-code-reviewer\\src\\App.tsx","statementMap":{"0":{"start":{"line":9,"column":20},"end":{"line":9,"column":null}},"1":{"start":{"line":30,"column":16},"end":{"line":30,"column":null}},"2":{"start":{"line":31,"column":18},"end":{"line":31,"column":null}},"3":{"start":{"line":34,"column":2},"end":{"line":38,"column":null}},"4":{"start":{"line":35,"column":4},"end":{"line":37,"column":null}},"5":{"start":{"line":36,"column":6},"end":{"line":36,"column":null}},"6":{"start":{"line":40,"column":27},"end":{"line":44,"column":null}},"7":{"start":{"line":41,"column":4},"end":{"line":43,"column":null}},"8":{"start":{"line":42,"column":6},"end":{"line":42,"column":null}},"9":{"start":{"line":46,"column":32},"end":{"line":59,"column":null}},"10":{"start":{"line":53,"column":4},"end":{"line":58,"column":null}},"11":{"start":{"line":54,"column":6},"end":{"line":57,"column":null}},"12":{"start":{"line":61,"column":30},"end":{"line":64,"column":null}},"13":{"start":{"line":62,"column":4},"end":{"line":62,"column":null}},"14":{"start":{"line":66,"column":2},"end":{"line":84,"column":null}},"15":{"start":{"line":89,"column":2},"end":{"line":92,"column":null}}},"fnMap":{"0":{"name":"AppContent","decl":{"start":{"line":29,"column":9},"end":{"line":29,"column":22}},"loc":{"start":{"line":29,"column":22},"end":{"line":86,"column":null}},"line":29},"1":{"name":"(anonymous_1)","decl":{"start":{"line":34,"column":12},"end":{"line":34,"column":18}},"loc":{"start":{"line":34,"column":18},"end":{"line":38,"column":5}},"line":34},"2":{"name":"(anonymous_2)","decl":{"start":{"line":40,"column":27},"end":{"line":40,"column":28}},"loc":{"start":{"line":40,"column":58},"end":{"line":44,"column":null}},"line":40},"3":{"name":"(anonymous_3)","decl":{"start":{"line":46,"column":32},"end":{"line":46,"column":null}},"loc":{"start":{"line":52,"column":7},"end":{"line":59,"column":null}},"line":52},"4":{"name":"(anonymous_4)","decl":{"start":{"line":61,"column":30},"end":{"line":61,"column":36}},"loc":{"start":{"line":61,"column":36},"end":{"line":64,"column":null}},"line":61},"5":{"name":"App","decl":{"start":{"line":88,"column":9},"end":{"line":88,"column":15}},"loc":{"start":{"line":88,"column":15},"end":{"line":94,"column":null}},"line":88}},"branchMap":{"0":{"loc":{"start":{"line":35,"column":4},"end":{"line":37,"column":null}},"type":"if","locations":[{"start":{"line":35,"column":4},"end":{"line":37,"column":null}},{"start":{},"end":{}}],"line":35},"1":{"loc":{"start":{"line":41,"column":4},"end":{"line":43,"column":null}},"type":"if","locations":[{"start":{"line":41,"column":4},"end":{"line":43,"column":null}},{"start":{},"end":{}}],"line":41},"2":{"loc":{"start":{"line":53,"column":4},"end":{"line":58,"column":null}},"type":"if","locations":[{"start":{"line":53,"column":4},"end":{"line":58,"column":null}},{"start":{},"end":{}}],"line":53}},"s":{"0":1,"1":2,"2":2,"3":2,"4":2,"5":1,"6":2,"7":0,"8":0,"9":2,"10":0,"11":0,"12":2,"13":0,"14":2,"15":1},"f":{"0":2,"1":2,"2":0,"3":0,"4":0,"5":1},"b":{"0":[1,1],"1":[0,0],"2":[0,0]},"meta":{"lastBranch":3,"lastFunction":6,"lastStatement":16,"seen":{"s:9:20:9:Infinity":0,"f:29:9:29:22":0,"s:30:16:30:Infinity":1,"s:31:18:31:Infinity":2,"s:34:2:38:Infinity":3,"f:34:12:34:18":1,"b:35:4:37:Infinity:undefined:undefined:undefined:undefined":0,"s:35:4:37:Infinity":4,"s:36:6:36:Infinity":5,"s:40:27:44:Infinity":6,"f:40:27:40:28":2,"b:41:4:43:Infinity:undefined:undefined:undefined:undefined":1,"s:41:4:43:Infinity":7,"s:42:6:42:Infinity":8,"s:46:32:59:Infinity":9,"f:46:32:46:Infinity":3,"b:53:4:58:Infinity:undefined:undefined:undefined:undefined":2,"s:53:4:58:Infinity":10,"s:54:6:57:Infinity":11,"s:61:30:64:Infinity":12,"f:61:30:61:36":4,"s:62:4:62:Infinity":13,"s:66:2:84:Infinity":14,"f:88:9:88:15":5,"s:89:2:92:Infinity":15}}}
,"D:\\gauntlet-ai\\ai-code-reviewer\\src\\components\\CodeEditor\\CodeEditor.tsx": {"path":"D:\\gauntlet-ai\\ai-code-reviewer\\src\\components\\CodeEditor\\CodeEditor.tsx","statementMap":{"0":{"start":{"line":23,"column":8},"end":{"line":23,"column":null}},"1":{"start":{"line":25,"column":31},"end":{"line":27,"column":null}},"2":{"start":{"line":26,"column":4},"end":{"line":26,"column":null}},"3":{"start":{"line":29,"column":2},"end":{"line":29,"column":null}},"4":{"start":{"line":31,"column":2},"end":{"line":49,"column":null}}},"fnMap":{"0":{"name":"CodeEditor","decl":{"start":{"line":17,"column":16},"end":{"line":17,"column":27}},"loc":{"start":{"line":22,"column":20},"end":{"line":51,"column":null}},"line":22},"1":{"name":"(anonymous_1)","decl":{"start":{"line":25,"column":31},"end":{"line":25,"column":32}},"loc":{"start":{"line":25,"column":73},"end":{"line":27,"column":null}},"line":25}},"branchMap":{"0":{"loc":{"start":{"line":19,"column":2},"end":{"line":19,"column":null}},"type":"default-arg","locations":[{"start":{"line":19,"column":13},"end":{"line":19,"column":null}}],"line":19}},"s":{"0":2,"1":2,"2":0,"3":2,"4":2},"f":{"0":2,"1":0},"b":{"0":[2]},"meta":{"lastBranch":1,"lastFunction":2,"lastStatement":5,"seen":{"f:17:16:17:27":0,"b:19:13:19:Infinity":0,"s:23:8:23:Infinity":0,"s:25:31:27:Infinity":1,"f:25:31:25:32":1,"s:26:4:26:Infinity":2,"s:29:2:29:Infinity":3,"s:31:2:49:Infinity":4}}}
,"D:\\gauntlet-ai\\ai-code-reviewer\\src\\components\\CodeEditor\\index.ts": {"path":"D:\\gauntlet-ai\\ai-code-reviewer\\src\\components\\CodeEditor\\index.ts","statementMap":{},"fnMap":{},"branchMap":{},"s":{},"f":{},"b":{},"meta":{"lastBranch":0,"lastFunction":0,"lastStatement":0,"seen":{}}}
,"D:\\gauntlet-ai\\ai-code-reviewer\\src\\components\\CodeEditor\\useSelection.ts": {"path":"D:\\gauntlet-ai\\ai-code-reviewer\\src\\components\\CodeEditor\\useSelection.ts","statementMap":{"0":{"start":{"line":15,"column":2},"end":{"line":55,"column":null}},"1":{"start":{"line":16,"column":19},"end":{"line":16,"column":null}},"2":{"start":{"line":17,"column":4},"end":{"line":17,"column":null}},"3":{"start":{"line":17,"column":39},"end":{"line":17,"column":null}},"4":{"start":{"line":19,"column":23},"end":{"line":50,"column":null}},"5":{"start":{"line":20,"column":24},"end":{"line":20,"column":null}},"6":{"start":{"line":21,"column":6},"end":{"line":24,"column":null}},"7":{"start":{"line":22,"column":8},"end":{"line":22,"column":null}},"8":{"start":{"line":23,"column":8},"end":{"line":23,"column":null}},"9":{"start":{"line":26,"column":24},"end":{"line":26,"column":null}},"10":{"start":{"line":27,"column":22},"end":{"line":27,"column":null}},"11":{"start":{"line":31,"column":8},"end":{"line":34,"column":null}},"12":{"start":{"line":37,"column":6},"end":{"line":40,"column":null}},"13":{"start":{"line":38,"column":8},"end":{"line":38,"column":null}},"14":{"start":{"line":39,"column":8},"end":{"line":39,"column":null}},"15":{"start":{"line":43,"column":27},"end":{"line":43,"column":null}},"16":{"start":{"line":45,"column":6},"end":{"line":49,"column":null}},"17":{"start":{"line":52,"column":4},"end":{"line":54,"column":null}},"18":{"start":{"line":53,"column":6},"end":{"line":53,"column":null}}},"fnMap":{"0":{"name":"useSelection","decl":{"start":{"line":10,"column":16},"end":{"line":10,"column":null}},"loc":{"start":{"line":14,"column":2},"end":{"line":56,"column":null}},"line":14},"1":{"name":"(anonymous_1)","decl":{"start":{"line":15,"column":12},"end":{"line":15,"column":18}},"loc":{"start":{"line":15,"column":18},"end":{"line":55,"column":5}},"line":15},"2":{"name":"(anonymous_2)","decl":{"start":{"line":19,"column":57},"end":{"line":19,"column":63}},"loc":{"start":{"line":19,"column":63},"end":{"line":50,"column":5}},"line":19},"3":{"name":"(anonymous_3)","decl":{"start":{"line":52,"column":11},"end":{"line":52,"column":17}},"loc":{"start":{"line":52,"column":17},"end":{"line":54,"column":null}},"line":52}},"branchMap":{"0":{"loc":{"start":{"line":17,"column":4},"end":{"line":17,"column":null}},"type":"if","locations":[{"start":{"line":17,"column":4},"end":{"line":17,"column":null}},{"start":{},"end":{}}],"line":17},"1":{"loc":{"start":{"line":17,"column":8},"end":{"line":17,"column":39}},"type":"binary-expr","locations":[{"start":{"line":17,"column":8},"end":{"line":17,"column":19}},{"start":{"line":17,"column":19},"end":{"line":17,"column":39}}],"line":17},"2":{"loc":{"start":{"line":21,"column":6},"end":{"line":24,"column":null}},"type":"if","locations":[{"start":{"line":21,"column":6},"end":{"line":24,"column":null}},{"start":{},"end":{}}],"line":21},"3":{"loc":{"start":{"line":31,"column":8},"end":{"line":34,"column":null}},"type":"binary-expr","locations":[{"start":{"line":31,"column":8},"end":{"line":31,"column":null}},{"start":{"line":32,"column":8},"end":{"line":34,"column":null}}],"line":31},"4":{"loc":{"start":{"line":33,"column":10},"end":{"line":34,"column":null}},"type":"binary-expr","locations":[{"start":{"line":33,"column":10},"end":{"line":33,"column":null}},{"start":{"line":34,"column":10},"end":{"line":34,"column":null}}],"line":33},"5":{"loc":{"start":{"line":37,"column":6},"end":{"line":40,"column":null}},"type":"if","locations":[{"start":{"line":37,"column":6},"end":{"line":40,"column":null}},{"start":{},"end":{}}],"line":37},"6":{"loc":{"start":{"line":43,"column":27},"end":{"line":43,"column":null}},"type":"binary-expr","locations":[{"start":{"line":43,"column":27},"end":{"line":43,"column":76}},{"start":{"line":43,"column":76},"end":{"line":43,"column":null}}],"line":43}},"s":{"0":2,"1":2,"2":2,"3":2,"4":0,"5":0,"6":0,"7":0,"8":0,"9":0,"10":0,"11":0,"12":0,"13":0,"14":0,"15":0,"16":0,"17":0,"18":0},"f":{"0":2,"1":2,"2":0,"3":0},"b":{"0":[2,0],"1":[2,0],"2":[0,0],"3":[0,0],"4":[0,0],"5":[0,0],"6":[0,0]},"meta":{"lastBranch":7,"lastFunction":4,"lastStatement":19,"seen":{"f:10:16:10:Infinity":0,"s:15:2:55:Infinity":0,"f:15:12:15:18":1,"s:16:19:16:Infinity":1,"b:17:4:17:Infinity:undefined:undefined:undefined:undefined":0,"s:17:4:17:Infinity":2,"b:17:8:17:19:17:19:17:39":1,"s:17:39:17:Infinity":3,"s:19:23:50:Infinity":4,"f:19:57:19:63":2,"s:20:24:20:Infinity":5,"b:21:6:24:Infinity:undefined:undefined:undefined:undefined":2,"s:21:6:24:Infinity":6,"s:22:8:22:Infinity":7,"s:23:8:23:Infinity":8,"s:26:24:26:Infinity":9,"s:27:22:27:Infinity":10,"s:31:8:34:Infinity":11,"b:31:8:31:Infinity:32:8:34:Infinity":3,"b:33:10:33:Infinity:34:10:34:Infinity":4,"b:37:6:40:Infinity:undefined:undefined:undefined:undefined":5,"s:37:6:40:Infinity":12,"s:38:8:38:Infinity":13,"s:39:8:39:Infinity":14,"s:43:27:43:Infinity":15,"b:43:27:43:76:43:76:43:Infinity":6,"s:45:6:49:Infinity":16,"s:52:4:54:Infinity":17,"f:52:11:52:17":3,"s:53:6:53:Infinity":18}}}
,"D:\\gauntlet-ai\\ai-code-reviewer\\src\\components\\Header\\Header.tsx": {"path":"D:\\gauntlet-ai\\ai-code-reviewer\\src\\components\\Header\\Header.tsx","statementMap":{"0":{"start":{"line":6,"column":2},"end":{"line":36,"column":null}}},"fnMap":{"0":{"name":"Header","decl":{"start":{"line":5,"column":16},"end":{"line":5,"column":23}},"loc":{"start":{"line":5,"column":57},"end":{"line":38,"column":null}},"line":5}},"branchMap":{},"s":{"0":2},"f":{"0":2},"b":{},"meta":{"lastBranch":0,"lastFunction":1,"lastStatement":1,"seen":{"f:5:16:5:23":0,"s:6:2:36:Infinity":0}}}
,"D:\\gauntlet-ai\\ai-code-reviewer\\src\\components\\Header\\index.ts": {"path":"D:\\gauntlet-ai\\ai-code-reviewer\\src\\components\\Header\\index.ts","statementMap":{},"fnMap":{},"branchMap":{},"s":{},"f":{},"b":{},"meta":{"lastBranch":0,"lastFunction":0,"lastStatement":0,"seen":{}}}
,"D:\\gauntlet-ai\\ai-code-reviewer\\src\\components\\ThreadPanel\\ThreadPanel.tsx": {"path":"D:\\gauntlet-ai\\ai-code-reviewer\\src\\components\\ThreadPanel\\ThreadPanel.tsx","statementMap":{"0":{"start":{"line":2,"column":2},"end":{"line":10,"column":null}}},"fnMap":{"0":{"name":"ThreadPanel","decl":{"start":{"line":1,"column":16},"end":{"line":1,"column":30}},"loc":{"start":{"line":1,"column":30},"end":{"line":12,"column":null}},"line":1}},"branchMap":{},"s":{"0":2},"f":{"0":2},"b":{},"meta":{"lastBranch":0,"lastFunction":1,"lastStatement":1,"seen":{"f:1:16:1:30":0,"s:2:2:10:Infinity":0}}}
,"D:\\gauntlet-ai\\ai-code-reviewer\\src\\components\\ThreadPanel\\index.ts": {"path":"D:\\gauntlet-ai\\ai-code-reviewer\\src\\components\\ThreadPanel\\index.ts","statementMap":{},"fnMap":{},"branchMap":{},"s":{},"f":{},"b":{},"meta":{"lastBranch":0,"lastFunction":0,"lastStatement":0,"seen":{}}}
,"D:\\gauntlet-ai\\ai-code-reviewer\\src\\hooks\\useThreads.ts": {"path":"D:\\gauntlet-ai\\ai-code-reviewer\\src\\hooks\\useThreads.ts","statementMap":{"0":{"start":{"line":5,"column":26},"end":{"line":5,"column":null}},"1":{"start":{"line":7,"column":23},"end":{"line":12,"column":null}},"2":{"start":{"line":8,"column":4},"end":{"line":11,"column":null}},"3":{"start":{"line":14,"column":21},"end":{"line":19,"column":null}},"4":{"start":{"line":15,"column":4},"end":{"line":18,"column":null}},"5":{"start":{"line":21,"column":23},"end":{"line":26,"column":null}},"6":{"start":{"line":22,"column":4},"end":{"line":25,"column":null}},"7":{"start":{"line":28,"column":26},"end":{"line":33,"column":null}},"8":{"start":{"line":29,"column":4},"end":{"line":32,"column":null}},"9":{"start":{"line":35,"column":31},"end":{"line":40,"column":null}},"10":{"start":{"line":36,"column":4},"end":{"line":39,"column":null}},"11":{"start":{"line":42,"column":18},"end":{"line":47,"column":null}},"12":{"start":{"line":43,"column":4},"end":{"line":46,"column":null}},"13":{"start":{"line":49,"column":27},"end":{"line":54,"column":null}},"14":{"start":{"line":50,"column":4},"end":{"line":53,"column":null}},"15":{"start":{"line":56,"column":25},"end":{"line":61,"column":null}},"16":{"start":{"line":57,"column":4},"end":{"line":60,"column":null}},"17":{"start":{"line":63,"column":2},"end":{"line":75,"column":null}}},"fnMap":{"0":{"name":"useThreads","decl":{"start":{"line":4,"column":16},"end":{"line":4,"column":29}},"loc":{"start":{"line":4,"column":29},"end":{"line":76,"column":null}},"line":4},"1":{"name":"(anonymous_1)","decl":{"start":{"line":7,"column":23},"end":{"line":7,"column":24}},"loc":{"start":{"line":7,"column":75},"end":{"line":12,"column":null}},"line":7},"2":{"name":"(anonymous_2)","decl":{"start":{"line":14,"column":21},"end":{"line":14,"column":22}},"loc":{"start":{"line":14,"column":61},"end":{"line":19,"column":null}},"line":14},"3":{"name":"(anonymous_3)","decl":{"start":{"line":21,"column":23},"end":{"line":21,"column":24}},"loc":{"start":{"line":21,"column":45},"end":{"line":26,"column":null}},"line":21},"4":{"name":"(anonymous_4)","decl":{"start":{"line":28,"column":26},"end":{"line":28,"column":27}},"loc":{"start":{"line":28,"column":55},"end":{"line":33,"column":null}},"line":28},"5":{"name":"(anonymous_5)","decl":{"start":{"line":35,"column":31},"end":{"line":35,"column":32}},"loc":{"start":{"line":35,"column":53},"end":{"line":40,"column":null}},"line":35},"6":{"name":"(anonymous_6)","decl":{"start":{"line":42,"column":18},"end":{"line":42,"column":19}},"loc":{"start":{"line":42,"column":36},"end":{"line":47,"column":null}},"line":42},"7":{"name":"(anonymous_7)","decl":{"start":{"line":49,"column":27},"end":{"line":49,"column":28}},"loc":{"start":{"line":49,"column":69},"end":{"line":54,"column":null}},"line":49},"8":{"name":"(anonymous_8)","decl":{"start":{"line":56,"column":25},"end":{"line":56,"column":26}},"loc":{"start":{"line":56,"column":69},"end":{"line":61,"column":null}},"line":56}},"branchMap":{},"s":{"0":21,"1":21,"2":8,"3":21,"4":2,"5":21,"6":1,"7":21,"8":2,"9":21,"10":0,"11":21,"12":2,"13":21,"14":0,"15":21,"16":0,"17":21},"f":{"0":21,"1":8,"2":2,"3":1,"4":2,"5":0,"6":2,"7":0,"8":0},"b":{},"meta":{"lastBranch":0,"lastFunction":9,"lastStatement":18,"seen":{"f:4:16:4:29":0,"s:5:26:5:Infinity":0,"s:7:23:12:Infinity":1,"f:7:23:7:24":1,"s:8:4:11:Infinity":2,"s:14:21:19:Infinity":3,"f:14:21:14:22":2,"s:15:4:18:Infinity":4,"s:21:23:26:Infinity":5,"f:21:23:21:24":3,"s:22:4:25:Infinity":6,"s:28:26:33:Infinity":7,"f:28:26:28:27":4,"s:29:4:32:Infinity":8,"s:35:31:40:Infinity":9,"f:35:31:35:32":5,"s:36:4:39:Infinity":10,"s:42:18:47:Infinity":11,"f:42:18:42:19":6,"s:43:4:46:Infinity":12,"s:49:27:54:Infinity":13,"f:49:27:49:28":7,"s:50:4:53:Infinity":14,"s:56:25:61:Infinity":15,"f:56:25:56:26":8,"s:57:4:60:Infinity":16,"s:63:2:75:Infinity":17}}}
,"D:\\gauntlet-ai\\ai-code-reviewer\\src\\store\\ThreadContext.tsx": {"path":"D:\\gauntlet-ai\\ai-code-reviewer\\src\\store\\ThreadContext.tsx","statementMap":{"0":{"start":{"line":10,"column":6},"end":{"line":10,"column":null}},"1":{"start":{"line":17,"column":24},"end":{"line":17,"column":null}},"2":{"start":{"line":19,"column":2},"end":{"line":22,"column":null}},"3":{"start":{"line":27,"column":8},"end":{"line":27,"column":null}},"4":{"start":{"line":28,"column":2},"end":{"line":30,"column":null}},"5":{"start":{"line":29,"column":4},"end":{"line":29,"column":null}},"6":{"start":{"line":31,"column":2},"end":{"line":31,"column":null}}},"fnMap":{"0":{"name":"ThreadProvider","decl":{"start":{"line":16,"column":16},"end":{"line":16,"column":31}},"loc":{"start":{"line":16,"column":66},"end":{"line":24,"column":null}},"line":16},"1":{"name":"useThreadContext","decl":{"start":{"line":26,"column":16},"end":{"line":26,"column":35}},"loc":{"start":{"line":26,"column":35},"end":{"line":32,"column":null}},"line":26}},"branchMap":{"0":{"loc":{"start":{"line":28,"column":2},"end":{"line":30,"column":null}},"type":"if","locations":[{"start":{"line":28,"column":2},"end":{"line":30,"column":null}},{"start":{},"end":{}}],"line":28}},"s":{"0":2,"1":21,"2":21,"3":23,"4":23,"5":0,"6":23},"f":{"0":21,"1":23},"b":{"0":[0,23]},"meta":{"lastBranch":1,"lastFunction":2,"lastStatement":7,"seen":{"s:10:6:10:Infinity":0,"f:16:16:16:31":0,"s:17:24:17:Infinity":1,"s:19:2:22:Infinity":2,"f:26:16:26:35":1,"s:27:8:27:Infinity":3,"b:28:2:30:Infinity:undefined:undefined:undefined:undefined":0,"s:28:2:30:Infinity":4,"s:29:4:29:Infinity":5,"s:31:2:31:Infinity":6}}}
,"D:\\gauntlet-ai\\ai-code-reviewer\\src\\store\\threadReducer.ts": {"path":"D:\\gauntlet-ai\\ai-code-reviewer\\src\\store\\threadReducer.ts","statementMap":{"0":{"start":{"line":3,"column":38},"end":{"line":9,"column":null}},"1":{"start":{"line":15,"column":2},"end":{"line":118,"column":null}},"2":{"start":{"line":17,"column":32},"end":{"line":25,"column":null}},"3":{"start":{"line":26,"column":6},"end":{"line":30,"column":null}},"4":{"start":{"line":34,"column":6},"end":{"line":41,"column":null}},"5":{"start":{"line":37,"column":10},"end":{"line":39,"column":null}},"6":{"start":{"line":45,"column":6},"end":{"line":48,"column":null}},"7":{"start":{"line":52,"column":6},"end":{"line":59,"column":null}},"8":{"start":{"line":55,"column":10},"end":{"line":57,"column":null}},"9":{"start":{"line":64,"column":8},"end":{"line":64,"column":null}},"10":{"start":{"line":65,"column":6},"end":{"line":69,"column":null}},"11":{"start":{"line":67,"column":50},"end":{"line":67,"column":78}},"12":{"start":{"line":73,"column":6},"end":{"line":76,"column":null}},"13":{"start":{"line":80,"column":6},"end":{"line":87,"column":null}},"14":{"start":{"line":83,"column":10},"end":{"line":85,"column":null}},"15":{"start":{"line":91,"column":6},"end":{"line":98,"column":null}},"16":{"start":{"line":94,"column":10},"end":{"line":96,"column":null}},"17":{"start":{"line":102,"column":6},"end":{"line":105,"column":null}},"18":{"start":{"line":109,"column":6},"end":{"line":112,"column":null}},"19":{"start":{"line":116,"column":6},"end":{"line":116,"column":null}}},"fnMap":{"0":{"name":"threadReducer","decl":{"start":{"line":11,"column":16},"end":{"line":11,"column":null}},"loc":{"start":{"line":14,"column":12},"end":{"line":119,"column":null}},"line":14},"1":{"name":"(anonymous_1)","decl":{"start":{"line":36,"column":35},"end":{"line":36,"column":36}},"loc":{"start":{"line":37,"column":10},"end":{"line":39,"column":null}},"line":37},"2":{"name":"(anonymous_2)","decl":{"start":{"line":54,"column":35},"end":{"line":54,"column":36}},"loc":{"start":{"line":55,"column":10},"end":{"line":57,"column":null}},"line":55},"3":{"name":"(anonymous_3)","decl":{"start":{"line":67,"column":38},"end":{"line":67,"column":39}},"loc":{"start":{"line":67,"column":50},"end":{"line":67,"column":78}},"line":67},"4":{"name":"(anonymous_4)","decl":{"start":{"line":82,"column":35},"end":{"line":82,"column":36}},"loc":{"start":{"line":83,"column":10},"end":{"line":85,"column":null}},"line":83},"5":{"name":"(anonymous_5)","decl":{"start":{"line":93,"column":35},"end":{"line":93,"column":36}},"loc":{"start":{"line":94,"column":10},"end":{"line":96,"column":null}},"line":94}},"branchMap":{"0":{"loc":{"start":{"line":15,"column":2},"end":{"line":118,"column":null}},"type":"switch","locations":[{"start":{"line":16,"column":4},"end":{"line":31,"column":null}},{"start":{"line":33,"column":4},"end":{"line":42,"column":null}},{"start":{"line":44,"column":4},"end":{"line":49,"column":null}},{"start":{"line":51,"column":4},"end":{"line":60,"column":null}},{"start":{"line":62,"column":4},"end":{"line":70,"column":null}},{"start":{"line":72,"column":4},"end":{"line":77,"column":null}},{"start":{"line":79,"column":4},"end":{"line":88,"column":null}},{"start":{"line":90,"column":4},"end":{"line":99,"column":null}},{"start":{"line":101,"column":4},"end":{"line":106,"column":null}},{"start":{"line":108,"column":4},"end":{"line":113,"column":null}},{"start":{"line":115,"column":4},"end":{"line":117,"column":null}}],"line":15},"1":{"loc":{"start":{"line":37,"column":10},"end":{"line":39,"column":null}},"type":"cond-expr","locations":[{"start":{"line":38,"column":14},"end":{"line":38,"column":null}},{"start":{"line":39,"column":14},"end":{"line":39,"column":null}}],"line":37},"2":{"loc":{"start":{"line":55,"column":10},"end":{"line":57,"column":null}},"type":"cond-expr","locations":[{"start":{"line":56,"column":14},"end":{"line":56,"column":null}},{"start":{"line":57,"column":14},"end":{"line":57,"column":null}}],"line":55},"3":{"loc":{"start":{"line":64,"column":8},"end":{"line":64,"column":null}},"type":"cond-expr","locations":[{"start":{"line":64,"column":50},"end":{"line":64,"column":57}},{"start":{"line":64,"column":57},"end":{"line":64,"column":null}}],"line":64},"4":{"loc":{"start":{"line":83,"column":10},"end":{"line":85,"column":null}},"type":"cond-expr","locations":[{"start":{"line":84,"column":14},"end":{"line":84,"column":null}},{"start":{"line":85,"column":14},"end":{"line":85,"column":null}}],"line":83},"5":{"loc":{"start":{"line":94,"column":10},"end":{"line":96,"column":null}},"type":"cond-expr","locations":[{"start":{"line":95,"column":14},"end":{"line":95,"column":null}},{"start":{"line":96,"column":14},"end":{"line":96,"column":null}}],"line":94}},"s":{"0":3,"1":39,"2":10,"3":10,"4":6,"5":7,"6":4,"7":3,"8":4,"9":4,"10":4,"11":7,"12":3,"13":2,"14":3,"15":2,"16":2,"17":2,"18":3,"19":0},"f":{"0":39,"1":7,"2":4,"3":7,"4":3,"5":2},"b":{"0":[10,6,4,3,4,3,2,2,2,3,0],"1":[5,2],"2":[3,1],"3":[1,3],"4":[2,1],"5":[2,0]},"meta":{"lastBranch":6,"lastFunction":6,"lastStatement":20,"seen":{"s:3:38:9:Infinity":0,"f:11:16:11:Infinity":0,"b:16:4:31:Infinity:33:4:42:Infinity:44:4:49:Infinity:51:4:60:Infinity:62:4:70:Infinity:72:4:77:Infinity:79:4:88:Infinity:90:4:99:Infinity:101:4:106:Infinity:108:4:113:Infinity:115:4:117:Infinity":0,"s:15:2:118:Infinity":1,"s:17:32:25:Infinity":2,"s:26:6:30:Infinity":3,"s:34:6:41:Infinity":4,"f:36:35:36:36":1,"s:37:10:39:Infinity":5,"b:38:14:38:Infinity:39:14:39:Infinity":1,"s:45:6:48:Infinity":6,"s:52:6:59:Infinity":7,"f:54:35:54:36":2,"s:55:10:57:Infinity":8,"b:56:14:56:Infinity:57:14:57:Infinity":2,"s:64:8:64:Infinity":9,"b:64:50:64:57:64:57:64:Infinity":3,"s:65:6:69:Infinity":10,"f:67:38:67:39":3,"s:67:50:67:78":11,"s:73:6:76:Infinity":12,"s:80:6:87:Infinity":13,"f:82:35:82:36":4,"s:83:10:85:Infinity":14,"b:84:14:84:Infinity:85:14:85:Infinity":4,"s:91:6:98:Infinity":15,"f:93:35:93:36":5,"s:94:10:96:Infinity":16,"b:95:14:95:Infinity:96:14:96:Infinity":5,"s:102:6:105:Infinity":17,"s:109:6:112:Infinity":18,"s:116:6:116:Infinity":19}}}
,"D:\\gauntlet-ai\\ai-code-reviewer\\src\\test\\testUtils.tsx": {"path":"D:\\gauntlet-ai\\ai-code-reviewer\\src\\test\\testUtils.tsx","statementMap":{"0":{"start":{"line":9,"column":21},"end":{"line":12,"column":null}},"1":{"start":{"line":11,"column":2},"end":{"line":12,"column":null}}},"fnMap":{"0":{"name":"(anonymous_0)","decl":{"start":{"line":9,"column":21},"end":{"line":9,"column":null}},"loc":{"start":{"line":11,"column":2},"end":{"line":12,"column":null}},"line":11}},"branchMap":{},"s":{"0":1,"1":1},"f":{"0":1},"b":{},"meta":{"lastBranch":0,"lastFunction":1,"lastStatement":2,"seen":{"s:9:21:12:Infinity":0,"f:9:21:9:Infinity":0,"s:11:2:12:Infinity":1}}}
,"D:\\gauntlet-ai\\ai-code-reviewer\\src\\utils\\lineUtils.ts": {"path":"D:\\gauntlet-ai\\ai-code-reviewer\\src\\utils\\lineUtils.ts","statementMap":{"0":{"start":{"line":8,"column":2},"end":{"line":10,"column":null}},"1":{"start":{"line":9,"column":4},"end":{"line":9,"column":null}},"2":{"start":{"line":12,"column":2},"end":{"line":15,"column":null}},"3":{"start":{"line":27,"column":16},"end":{"line":27,"column":null}},"4":{"start":{"line":30,"column":24},"end":{"line":30,"column":null}},"5":{"start":{"line":31,"column":2},"end":{"line":31,"column":null}},"6":{"start":{"line":38,"column":2},"end":{"line":38,"column":null}}},"fnMap":{"0":{"name":"monacoSelectionToRange","decl":{"start":{"line":5,"column":16},"end":{"line":5,"column":null}},"loc":{"start":{"line":7,"column":49},"end":{"line":16,"column":null}},"line":7},"1":{"name":"extractSelectedText","decl":{"start":{"line":22,"column":16},"end":{"line":22,"column":null}},"loc":{"start":{"line":26,"column":10},"end":{"line":32,"column":null}},"line":26},"2":{"name":"generateThreadId","decl":{"start":{"line":37,"column":16},"end":{"line":37,"column":43}},"loc":{"start":{"line":37,"column":43},"end":{"line":39,"column":null}},"line":37}},"branchMap":{"0":{"loc":{"start":{"line":8,"column":2},"end":{"line":10,"column":null}},"type":"if","locations":[{"start":{"line":8,"column":2},"end":{"line":10,"column":null}},{"start":{},"end":{}}],"line":8}},"s":{"0":3,"1":1,"2":2,"3":5,"4":5,"5":5,"6":13},"f":{"0":3,"1":5,"2":13},"b":{"0":[1,2]},"meta":{"lastBranch":1,"lastFunction":3,"lastStatement":7,"seen":{"f:5:16:5:Infinity":0,"b:8:2:10:Infinity:undefined:undefined:undefined:undefined":0,"s:8:2:10:Infinity":0,"s:9:4:9:Infinity":1,"s:12:2:15:Infinity":2,"f:22:16:22:Infinity":1,"s:27:16:27:Infinity":3,"s:30:24:30:Infinity":4,"s:31:2:31:Infinity":5,"f:37:16:37:43":2,"s:38:2:38:Infinity":6}}}
}
